<?xml version="1.0" encoding="UTF-8"?>
<testsuite xmlns:xsi="http://www.w3.org/2001/XMLSchema-instance" xsi:noNamespaceSchemaLocation="https://maven.apache.org/surefire/maven-surefire-plugin/xsd/surefire-test-report.xsd" name="org.baeldung.SpringContextTest" time="2.059" tests="1" errors="0" skipped="0" failures="0">
  <properties>
    <property name="sun.desktop" value="windows"/>
    <property name="awt.toolkit" value="sun.awt.windows.WToolkit"/>
    <property name="file.encoding.pkg" value="sun.io"/>
    <property name="java.specification.version" value="1.8"/>
    <property name="sun.cpu.isalist" value="amd64"/>
    <property name="sun.jnu.encoding" value="MS949"/>
    <property name="java.class.path" value="C:\Spring5\remoting-http\remoting-http-server\target\test-classes;C:\Spring5\remoting-http\remoting-http-server\target\classes;C:\Spring5\remoting-http\remoting-http-api\target\remoting-http-api-0.0.1-SNAPSHOT.jar;C:\Spring5\.m2\org\springframework\boot\spring-boot-starter-test\2.0.6.RELEASE\spring-boot-starter-test-2.0.6.RELEASE.jar;C:\Spring5\.m2\org\springframework\boot\spring-boot-starter\2.0.6.RELEASE\spring-boot-starter-2.0.6.RELEASE.jar;C:\Spring5\.m2\org\springframework\boot\spring-boot\2.0.6.RELEASE\spring-boot-2.0.6.RELEASE.jar;C:\Spring5\.m2\org\springframework\boot\spring-boot-autoconfigure\2.0.6.RELEASE\spring-boot-autoconfigure-2.0.6.RELEASE.jar;C:\Spring5\.m2\org\springframework\boot\spring-boot-starter-logging\2.0.6.RELEASE\spring-boot-starter-logging-2.0.6.RELEASE.jar;C:\Spring5\.m2\ch\qos\logback\logback-classic\1.2.3\logback-classic-1.2.3.jar;C:\Spring5\.m2\ch\qos\logback\logback-core\1.2.3\logback-core-1.2.3.jar;C:\Spring5\.m2\org\apache\logging\log4j\log4j-to-slf4j\2.10.0\log4j-to-slf4j-2.10.0.jar;C:\Spring5\.m2\org\apache\logging\log4j\log4j-api\2.10.0\log4j-api-2.10.0.jar;C:\Spring5\.m2\org\slf4j\jul-to-slf4j\1.7.25\jul-to-slf4j-1.7.25.jar;C:\Spring5\.m2\javax\annotation\javax.annotation-api\1.3.2\javax.annotation-api-1.3.2.jar;C:\Spring5\.m2\org\yaml\snakeyaml\1.19\snakeyaml-1.19.jar;C:\Spring5\.m2\org\springframework\boot\spring-boot-test\2.0.6.RELEASE\spring-boot-test-2.0.6.RELEASE.jar;C:\Spring5\.m2\org\springframework\boot\spring-boot-test-autoconfigure\2.0.6.RELEASE\spring-boot-test-autoconfigure-2.0.6.RELEASE.jar;C:\Spring5\.m2\com\jayway\jsonpath\json-path\2.4.0\json-path-2.4.0.jar;C:\Spring5\.m2\net\minidev\json-smart\2.3\json-smart-2.3.jar;C:\Spring5\.m2\net\minidev\accessors-smart\1.2\accessors-smart-1.2.jar;C:\Spring5\.m2\org\ow2\asm\asm\5.0.4\asm-5.0.4.jar;C:\Spring5\.m2\org\slf4j\slf4j-api\1.7.25\slf4j-api-1.7.25.jar;C:\Spring5\.m2\junit\junit\4.12\junit-4.12.jar;C:\Spring5\.m2\org\assertj\assertj-core\3.9.1\assertj-core-3.9.1.jar;C:\Spring5\.m2\org\mockito\mockito-core\2.15.0\mockito-core-2.15.0.jar;C:\Spring5\.m2\net\bytebuddy\byte-buddy\1.7.11\byte-buddy-1.7.11.jar;C:\Spring5\.m2\net\bytebuddy\byte-buddy-agent\1.7.11\byte-buddy-agent-1.7.11.jar;C:\Spring5\.m2\org\objenesis\objenesis\2.6\objenesis-2.6.jar;C:\Spring5\.m2\org\hamcrest\hamcrest-core\1.3\hamcrest-core-1.3.jar;C:\Spring5\.m2\org\hamcrest\hamcrest-library\1.3\hamcrest-library-1.3.jar;C:\Spring5\.m2\org\skyscreamer\jsonassert\1.5.0\jsonassert-1.5.0.jar;C:\Spring5\.m2\com\vaadin\external\google\android-json\0.0.20131108.vaadin1\android-json-0.0.20131108.vaadin1.jar;C:\Spring5\.m2\org\springframework\spring-core\5.0.10.RELEASE\spring-core-5.0.10.RELEASE.jar;C:\Spring5\.m2\org\springframework\spring-jcl\5.0.10.RELEASE\spring-jcl-5.0.10.RELEASE.jar;C:\Spring5\.m2\org\springframework\spring-test\5.0.10.RELEASE\spring-test-5.0.10.RELEASE.jar;C:\Spring5\.m2\org\xmlunit\xmlunit-core\2.5.1\xmlunit-core-2.5.1.jar;C:\Spring5\.m2\org\springframework\boot\spring-boot-starter-web\2.0.6.RELEASE\spring-boot-starter-web-2.0.6.RELEASE.jar;C:\Spring5\.m2\org\springframework\boot\spring-boot-starter-json\2.0.6.RELEASE\spring-boot-starter-json-2.0.6.RELEASE.jar;C:\Spring5\.m2\com\fasterxml\jackson\core\jackson-databind\2.9.7\jackson-databind-2.9.7.jar;C:\Spring5\.m2\com\fasterxml\jackson\core\jackson-annotations\2.9.0\jackson-annotations-2.9.0.jar;C:\Spring5\.m2\com\fasterxml\jackson\core\jackson-core\2.9.7\jackson-core-2.9.7.jar;C:\Spring5\.m2\com\fasterxml\jackson\datatype\jackson-datatype-jdk8\2.9.7\jackson-datatype-jdk8-2.9.7.jar;C:\Spring5\.m2\com\fasterxml\jackson\datatype\jackson-datatype-jsr310\2.9.7\jackson-datatype-jsr310-2.9.7.jar;C:\Spring5\.m2\com\fasterxml\jackson\module\jackson-module-parameter-names\2.9.7\jackson-module-parameter-names-2.9.7.jar;C:\Spring5\.m2\org\springframework\boot\spring-boot-starter-tomcat\2.0.6.RELEASE\spring-boot-starter-tomcat-2.0.6.RELEASE.jar;C:\Spring5\.m2\org\apache\tomcat\embed\tomcat-embed-core\8.5.34\tomcat-embed-core-8.5.34.jar;C:\Spring5\.m2\org\apache\tomcat\embed\tomcat-embed-el\8.5.34\tomcat-embed-el-8.5.34.jar;C:\Spring5\.m2\org\apache\tomcat\embed\tomcat-embed-websocket\8.5.34\tomcat-embed-websocket-8.5.34.jar;C:\Spring5\.m2\org\hibernate\validator\hibernate-validator\6.0.13.Final\hibernate-validator-6.0.13.Final.jar;C:\Spring5\.m2\javax\validation\validation-api\2.0.1.Final\validation-api-2.0.1.Final.jar;C:\Spring5\.m2\org\jboss\logging\jboss-logging\3.3.2.Final\jboss-logging-3.3.2.Final.jar;C:\Spring5\.m2\com\fasterxml\classmate\1.3.4\classmate-1.3.4.jar;C:\Spring5\.m2\org\springframework\spring-web\5.0.10.RELEASE\spring-web-5.0.10.RELEASE.jar;C:\Spring5\.m2\org\springframework\spring-beans\5.0.10.RELEASE\spring-beans-5.0.10.RELEASE.jar;C:\Spring5\.m2\org\springframework\spring-webmvc\5.0.10.RELEASE\spring-webmvc-5.0.10.RELEASE.jar;C:\Spring5\.m2\org\springframework\spring-aop\5.0.10.RELEASE\spring-aop-5.0.10.RELEASE.jar;C:\Spring5\.m2\org\springframework\spring-context\5.0.10.RELEASE\spring-context-5.0.10.RELEASE.jar;C:\Spring5\.m2\org\springframework\spring-expression\5.0.10.RELEASE\spring-expression-5.0.10.RELEASE.jar;"/>
    <property name="java.vm.vendor" value="Oracle Corporation"/>
    <property name="sun.arch.data.model" value="64"/>
    <property name="user.variant" value=""/>
    <property name="java.vendor.url" value="http://java.oracle.com/"/>
    <property name="user.timezone" value=""/>
    <property name="java.vm.specification.version" value="1.8"/>
    <property name="os.name" value="Windows 10"/>
    <property name="user.country" value="KR"/>
    <property name="sun.java.launcher" value="SUN_STANDARD"/>
    <property name="sun.boot.library.path" value="C:\Program Files\ojdkbuild\java-1.8.0-openjdk-1.8.0.201-1\jre\bin"/>
    <property name="sun.java.command" value="C:\Users\sksms\AppData\Local\Temp\surefire4898951082309548725\surefirebooter1503623356900667836.jar C:\Users\sksms\AppData\Local\Temp\surefire4898951082309548725 2020-10-18T10-19-26_603-jvmRun1 surefire2127615005054492723tmp surefire_12264076151345320446tmp"/>
    <property name="surefire.test.class.path" value="C:\Spring5\remoting-http\remoting-http-server\target\test-classes;C:\Spring5\remoting-http\remoting-http-server\target\classes;C:\Spring5\remoting-http\remoting-http-api\target\remoting-http-api-0.0.1-SNAPSHOT.jar;C:\Spring5\.m2\org\springframework\boot\spring-boot-starter-test\2.0.6.RELEASE\spring-boot-starter-test-2.0.6.RELEASE.jar;C:\Spring5\.m2\org\springframework\boot\spring-boot-starter\2.0.6.RELEASE\spring-boot-starter-2.0.6.RELEASE.jar;C:\Spring5\.m2\org\springframework\boot\spring-boot\2.0.6.RELEASE\spring-boot-2.0.6.RELEASE.jar;C:\Spring5\.m2\org\springframework\boot\spring-boot-autoconfigure\2.0.6.RELEASE\spring-boot-autoconfigure-2.0.6.RELEASE.jar;C:\Spring5\.m2\org\springframework\boot\spring-boot-starter-logging\2.0.6.RELEASE\spring-boot-starter-logging-2.0.6.RELEASE.jar;C:\Spring5\.m2\ch\qos\logback\logback-classic\1.2.3\logback-classic-1.2.3.jar;C:\Spring5\.m2\ch\qos\logback\logback-core\1.2.3\logback-core-1.2.3.jar;C:\Spring5\.m2\org\apache\logging\log4j\log4j-to-slf4j\2.10.0\log4j-to-slf4j-2.10.0.jar;C:\Spring5\.m2\org\apache\logging\log4j\log4j-api\2.10.0\log4j-api-2.10.0.jar;C:\Spring5\.m2\org\slf4j\jul-to-slf4j\1.7.25\jul-to-slf4j-1.7.25.jar;C:\Spring5\.m2\javax\annotation\javax.annotation-api\1.3.2\javax.annotation-api-1.3.2.jar;C:\Spring5\.m2\org\yaml\snakeyaml\1.19\snakeyaml-1.19.jar;C:\Spring5\.m2\org\springframework\boot\spring-boot-test\2.0.6.RELEASE\spring-boot-test-2.0.6.RELEASE.jar;C:\Spring5\.m2\org\springframework\boot\spring-boot-test-autoconfigure\2.0.6.RELEASE\spring-boot-test-autoconfigure-2.0.6.RELEASE.jar;C:\Spring5\.m2\com\jayway\jsonpath\json-path\2.4.0\json-path-2.4.0.jar;C:\Spring5\.m2\net\minidev\json-smart\2.3\json-smart-2.3.jar;C:\Spring5\.m2\net\minidev\accessors-smart\1.2\accessors-smart-1.2.jar;C:\Spring5\.m2\org\ow2\asm\asm\5.0.4\asm-5.0.4.jar;C:\Spring5\.m2\org\slf4j\slf4j-api\1.7.25\slf4j-api-1.7.25.jar;C:\Spring5\.m2\junit\junit\4.12\junit-4.12.jar;C:\Spring5\.m2\org\assertj\assertj-core\3.9.1\assertj-core-3.9.1.jar;C:\Spring5\.m2\org\mockito\mockito-core\2.15.0\mockito-core-2.15.0.jar;C:\Spring5\.m2\net\bytebuddy\byte-buddy\1.7.11\byte-buddy-1.7.11.jar;C:\Spring5\.m2\net\bytebuddy\byte-buddy-agent\1.7.11\byte-buddy-agent-1.7.11.jar;C:\Spring5\.m2\org\objenesis\objenesis\2.6\objenesis-2.6.jar;C:\Spring5\.m2\org\hamcrest\hamcrest-core\1.3\hamcrest-core-1.3.jar;C:\Spring5\.m2\org\hamcrest\hamcrest-library\1.3\hamcrest-library-1.3.jar;C:\Spring5\.m2\org\skyscreamer\jsonassert\1.5.0\jsonassert-1.5.0.jar;C:\Spring5\.m2\com\vaadin\external\google\android-json\0.0.20131108.vaadin1\android-json-0.0.20131108.vaadin1.jar;C:\Spring5\.m2\org\springframework\spring-core\5.0.10.RELEASE\spring-core-5.0.10.RELEASE.jar;C:\Spring5\.m2\org\springframework\spring-jcl\5.0.10.RELEASE\spring-jcl-5.0.10.RELEASE.jar;C:\Spring5\.m2\org\springframework\spring-test\5.0.10.RELEASE\spring-test-5.0.10.RELEASE.jar;C:\Spring5\.m2\org\xmlunit\xmlunit-core\2.5.1\xmlunit-core-2.5.1.jar;C:\Spring5\.m2\org\springframework\boot\spring-boot-starter-web\2.0.6.RELEASE\spring-boot-starter-web-2.0.6.RELEASE.jar;C:\Spring5\.m2\org\springframework\boot\spring-boot-starter-json\2.0.6.RELEASE\spring-boot-starter-json-2.0.6.RELEASE.jar;C:\Spring5\.m2\com\fasterxml\jackson\core\jackson-databind\2.9.7\jackson-databind-2.9.7.jar;C:\Spring5\.m2\com\fasterxml\jackson\core\jackson-annotations\2.9.0\jackson-annotations-2.9.0.jar;C:\Spring5\.m2\com\fasterxml\jackson\core\jackson-core\2.9.7\jackson-core-2.9.7.jar;C:\Spring5\.m2\com\fasterxml\jackson\datatype\jackson-datatype-jdk8\2.9.7\jackson-datatype-jdk8-2.9.7.jar;C:\Spring5\.m2\com\fasterxml\jackson\datatype\jackson-datatype-jsr310\2.9.7\jackson-datatype-jsr310-2.9.7.jar;C:\Spring5\.m2\com\fasterxml\jackson\module\jackson-module-parameter-names\2.9.7\jackson-module-parameter-names-2.9.7.jar;C:\Spring5\.m2\org\springframework\boot\spring-boot-starter-tomcat\2.0.6.RELEASE\spring-boot-starter-tomcat-2.0.6.RELEASE.jar;C:\Spring5\.m2\org\apache\tomcat\embed\tomcat-embed-core\8.5.34\tomcat-embed-core-8.5.34.jar;C:\Spring5\.m2\org\apache\tomcat\embed\tomcat-embed-el\8.5.34\tomcat-embed-el-8.5.34.jar;C:\Spring5\.m2\org\apache\tomcat\embed\tomcat-embed-websocket\8.5.34\tomcat-embed-websocket-8.5.34.jar;C:\Spring5\.m2\org\hibernate\validator\hibernate-validator\6.0.13.Final\hibernate-validator-6.0.13.Final.jar;C:\Spring5\.m2\javax\validation\validation-api\2.0.1.Final\validation-api-2.0.1.Final.jar;C:\Spring5\.m2\org\jboss\logging\jboss-logging\3.3.2.Final\jboss-logging-3.3.2.Final.jar;C:\Spring5\.m2\com\fasterxml\classmate\1.3.4\classmate-1.3.4.jar;C:\Spring5\.m2\org\springframework\spring-web\5.0.10.RELEASE\spring-web-5.0.10.RELEASE.jar;C:\Spring5\.m2\org\springframework\spring-beans\5.0.10.RELEASE\spring-beans-5.0.10.RELEASE.jar;C:\Spring5\.m2\org\springframework\spring-webmvc\5.0.10.RELEASE\spring-webmvc-5.0.10.RELEASE.jar;C:\Spring5\.m2\org\springframework\spring-aop\5.0.10.RELEASE\spring-aop-5.0.10.RELEASE.jar;C:\Spring5\.m2\org\springframework\spring-context\5.0.10.RELEASE\spring-context-5.0.10.RELEASE.jar;C:\Spring5\.m2\org\springframework\spring-expression\5.0.10.RELEASE\spring-expression-5.0.10.RELEASE.jar;"/>
    <property name="sun.cpu.endian" value="little"/>
    <property name="user.home" value="C:\Users\sksms"/>
    <property name="user.language" value="ko"/>
    <property name="java.specification.vendor" value="Oracle Corporation"/>
    <property name="java.home" value="C:\Program Files\ojdkbuild\java-1.8.0-openjdk-1.8.0.201-1\jre"/>
    <property name="basedir" value="C:\Spring5\remoting-http\remoting-http-server"/>
    <property name="file.separator" value="\"/>
    <property name="line.separator" value="&#10;"/>
    <property name="java.vm.specification.vendor" value="Oracle Corporation"/>
    <property name="java.specification.name" value="Java Platform API Specification"/>
    <property name="java.awt.graphicsenv" value="sun.awt.Win32GraphicsEnvironment"/>
    <property name="surefire.real.class.path" value="C:\Users\sksms\AppData\Local\Temp\surefire4898951082309548725\surefirebooter1503623356900667836.jar"/>
    <property name="sun.boot.class.path" value="C:\Program Files\ojdkbuild\java-1.8.0-openjdk-1.8.0.201-1\jre\lib\resources.jar;C:\Program Files\ojdkbuild\java-1.8.0-openjdk-1.8.0.201-1\jre\lib\rt.jar;C:\Program Files\ojdkbuild\java-1.8.0-openjdk-1.8.0.201-1\jre\lib\sunrsasign.jar;C:\Program Files\ojdkbuild\java-1.8.0-openjdk-1.8.0.201-1\jre\lib\jsse.jar;C:\Program Files\ojdkbuild\java-1.8.0-openjdk-1.8.0.201-1\jre\lib\jce.jar;C:\Program Files\ojdkbuild\java-1.8.0-openjdk-1.8.0.201-1\jre\lib\charsets.jar;C:\Program Files\ojdkbuild\java-1.8.0-openjdk-1.8.0.201-1\jre\lib\jfr.jar;C:\Program Files\ojdkbuild\java-1.8.0-openjdk-1.8.0.201-1\jre\classes"/>
    <property name="user.script" value=""/>
    <property name="sun.management.compiler" value="HotSpot 64-Bit Tiered Compilers"/>
    <property name="java.runtime.version" value="1.8.0_201-1-ojdkbuild-b09"/>
    <property name="user.name" value="sksms"/>
    <property name="path.separator" value=";"/>
    <property name="os.version" value="10.0"/>
    <property name="java.endorsed.dirs" value="C:\Program Files\ojdkbuild\java-1.8.0-openjdk-1.8.0.201-1\jre\lib\endorsed"/>
    <property name="java.runtime.name" value="OpenJDK Runtime Environment"/>
    <property name="file.encoding" value="MS949"/>
    <property name="java.vm.name" value="OpenJDK 64-Bit Server VM"/>
    <property name="localRepository" value="C:\Spring5\.m2"/>
    <property name="java.vendor.url.bug" value="http://bugreport.sun.com/bugreport/"/>
    <property name="java.io.tmpdir" value="C:\Users\sksms\AppData\Local\Temp\"/>
    <property name="java.version" value="1.8.0_201-1-ojdkbuild"/>
    <property name="user.dir" value="C:\Spring5\remoting-http\remoting-http-server"/>
    <property name="os.arch" value="amd64"/>
    <property name="java.vm.specification.name" value="Java Virtual Machine Specification"/>
    <property name="java.awt.printerjob" value="sun.awt.windows.WPrinterJob"/>
    <property name="sun.os.patch.level" value=""/>
    <property name="java.library.path" value="C:\Program Files\ojdkbuild\java-1.8.0-openjdk-1.8.0.201-1\jre\bin;C:\Windows\Sun\Java\bin;C:\Windows\system32;C:\Windows;C:/Program Files/Java/jre1.8.0_261/bin/server;C:/Program Files/Java/jre1.8.0_261/bin;C:/Program Files/Java/jre1.8.0_261/lib/amd64;C:\Program Files (x86)\Common Files\Oracle\Java\javapath;C:\Windows\system32;C:\Windows;C:\Windows\System32\Wbem;C:\Windows\System32\WindowsPowerShell\v1.0\;C:\Windows\System32\OpenSSH\;C:\Program Files (x86)\NVIDIA Corporation\PhysX\Common;C:\Program Files\NVIDIA Corporation\NVIDIA NvDLISR;C:\Program Files\ojdkbuild\java-1.8.0-openjdk-1.8.0.201-1\bin;C:\settings\java-1.8.0-openjdk-1.8.0.201-1.b09.ojdkbuild.windows.x86_64\bin;C:\Program Files\nodejs\;C:\Program Files\Git\cmd;C:\Program Files\RabbitMQ Server\rabbitmq_server-3.8.2\sbin;C:\Users\sksms\AppData\Local\Microsoft\WindowsApps;C:\Program Files\JetBrains\PyCharm Community Edition 2020.1\bin;;C:\Users\sksms\AppData\Roaming\npm;C:\Users\sksms\AppData\Local\Programs\Microsoft VS Code\bin;C:\Program Files\Git\cmd;C:\Program Files\RabbitMQ Server\rabbitmq_server-3.8.2\sbin;;C:\settings\STS\sts-bundle\sts-3.9.5.RELEASE;;."/>
    <property name="java.vm.info" value="mixed mode"/>
    <property name="java.vendor" value="Oracle Corporation"/>
    <property name="java.vm.version" value="25.201-b09"/>
    <property name="java.ext.dirs" value="C:\Program Files\ojdkbuild\java-1.8.0-openjdk-1.8.0.201-1\jre\lib\ext;C:\Windows\Sun\Java\lib\ext"/>
    <property name="sun.io.unicode.encoding" value="UnicodeLittle"/>
    <property name="java.class.version" value="52.0"/>
  </properties>
  <testcase name="whenSpringContextIsBootstrapped_thenNoExceptions" classname="org.baeldung.SpringContextTest" time="0.076"/>
</testsuite>